c:\users\win11\documents\programar\fundamentos juegos\motor\motor\x64\debug\vc143.pdb
c:\users\win11\documents\programar\fundamentos juegos\motor\motor\x64\debug\vc143.idb
c:\users\win11\documents\programar\fundamentos juegos\motor\motor\x64\debug\maingame.obj
c:\users\win11\documents\programar\fundamentos juegos\motor\motor\x64\debug\main.obj
c:\users\win11\documents\programar\fundamentos juegos\motor\motor\x64\debug\motor.ilk
c:\users\win11\documents\programar\fundamentos juegos\motor\x64\debug\motor.pdb
c:\users\win11\documents\programar\fundamentos juegos\motor\motor\x64\debug\motor.tlog\cl.command.1.tlog
c:\users\win11\documents\programar\fundamentos juegos\motor\motor\x64\debug\motor.tlog\cl.items.tlog
c:\users\win11\documents\programar\fundamentos juegos\motor\motor\x64\debug\motor.tlog\cl.read.1.tlog
c:\users\win11\documents\programar\fundamentos juegos\motor\motor\x64\debug\motor.tlog\cl.write.1.tlog
c:\users\win11\documents\programar\fundamentos juegos\motor\motor\x64\debug\motor.tlog\link-cvtres.read.1.tlog
c:\users\win11\documents\programar\fundamentos juegos\motor\motor\x64\debug\motor.tlog\link-cvtres.write.1.tlog
c:\users\win11\documents\programar\fundamentos juegos\motor\motor\x64\debug\motor.tlog\link-rc.read.1.tlog
c:\users\win11\documents\programar\fundamentos juegos\motor\motor\x64\debug\motor.tlog\link-rc.write.1.tlog
c:\users\win11\documents\programar\fundamentos juegos\motor\motor\x64\debug\motor.tlog\link.9156-cvtres.read.1.tlog
c:\users\win11\documents\programar\fundamentos juegos\motor\motor\x64\debug\motor.tlog\link.9156-cvtres.write.1.tlog
c:\users\win11\documents\programar\fundamentos juegos\motor\motor\x64\debug\motor.tlog\link.9156-rc.read.1.tlog
c:\users\win11\documents\programar\fundamentos juegos\motor\motor\x64\debug\motor.tlog\link.9156-rc.write.1.tlog
c:\users\win11\documents\programar\fundamentos juegos\motor\motor\x64\debug\motor.tlog\link.9156.read.1.tlog
c:\users\win11\documents\programar\fundamentos juegos\motor\motor\x64\debug\motor.tlog\link.9156.read.2.tlog
c:\users\win11\documents\programar\fundamentos juegos\motor\motor\x64\debug\motor.tlog\link.9156.write.1.tlog
c:\users\win11\documents\programar\fundamentos juegos\motor\motor\x64\debug\motor.tlog\link.command.1.tlog
c:\users\win11\documents\programar\fundamentos juegos\motor\motor\x64\debug\motor.tlog\link.read.1.tlog
c:\users\win11\documents\programar\fundamentos juegos\motor\motor\x64\debug\motor.tlog\link.read.2.tlog
c:\users\win11\documents\programar\fundamentos juegos\motor\motor\x64\debug\motor.tlog\link.secondary.1.tlog
c:\users\win11\documents\programar\fundamentos juegos\motor\motor\x64\debug\motor.tlog\link.write.1.tlog
